<?xml version="1.0" encoding="UTF-8"?>
<testsuite name="uk.ac.nottingham.cryptography.LongTests" tests="3" skipped="0" failures="0" errors="0" timestamp="2023-09-19T15:21:55" hostname="DESKTOP-S9HBBFI" time="0.074">
  <properties/>
  <testcase name="long65KBTest()" classname="uk.ac.nottingham.cryptography.LongTests" time="0.003"/>
  <testcase name="long1MBTest()" classname="uk.ac.nottingham.cryptography.LongTests" time="0.021"/>
  <testcase name="long10MBTest()" classname="uk.ac.nottingham.cryptography.LongTests" time="0.05"/>
  <system-out><![CDATA[]]></system-out>
  <system-err><![CDATA[]]></system-err>
</testsuite>
