<?xml version="1.0" encoding="UTF-8"?>
<testsuite name="uk.ac.nottingham.cryptography.StringOutputTests" tests="2" skipped="0" failures="0" errors="0" timestamp="2023-09-19T15:21:55" hostname="DESKTOP-S9HBBFI" time="0.013">
  <properties/>
  <testcase name="getStateStringTestFancy()" classname="uk.ac.nottingham.cryptography.StringOutputTests" time="0.01"/>
  <testcase name="getStateStringTestPlain()" classname="uk.ac.nottingham.cryptography.StringOutputTests" time="0.001"/>
  <system-out><![CDATA[]]></system-out>
  <system-err><![CDATA[]]></system-err>
</testsuite>
