<?xml version="1.0" encoding="UTF-8"?>
<testsuite name="uk.ac.nottingham.cryptography.EncryptTests" tests="5" skipped="0" failures="0" errors="0" timestamp="2023-09-19T15:21:55" hostname="DESKTOP-S9HBBFI" time="0.016">
  <properties/>
  <testcase name="encryptSingleBlockTest()" classname="uk.ac.nottingham.cryptography.EncryptTests" time="0.011"/>
  <testcase name="encryptMultipleBlockTest()" classname="uk.ac.nottingham.cryptography.EncryptTests" time="0.0"/>
  <testcase name="decryptSingleBlockTest()" classname="uk.ac.nottingham.cryptography.EncryptTests" time="0.0"/>
  <testcase name="decryptMultipleBlockTest()" classname="uk.ac.nottingham.cryptography.EncryptTests" time="0.0"/>
  <testcase name="extendedRandomEncryptDecryptBlockTests()" classname="uk.ac.nottingham.cryptography.EncryptTests" time="0.002"/>
  <system-out><![CDATA[]]></system-out>
  <system-err><![CDATA[]]></system-err>
</testsuite>
